Flow report for plasma
Fri Nov 10 10:53:44 2017
Quartus II 64-Bit Version 9.1 Build 304 01/25/2010 Service Pack 1 SJ Full Version


---------------------
; Table of Contents ;
---------------------
  1. Legal Notice
  2. Flow Summary
  3. Flow Settings
  4. Flow Non-Default Global Settings
  5. Flow Elapsed Time
  6. Flow OS Summary
  7. Flow Log



----------------
; Legal Notice ;
----------------
Copyright (C) 1991-2010 Altera Corporation
Your use of Altera Corporation's design tools, logic functions 
and other software and tools, and its AMPP partner logic 
functions, and any output files from any of the foregoing 
(including device programming or simulation files), and any 
associated documentation or information are expressly subject 
to the terms and conditions of the Altera Program License 
Subscription Agreement, Altera MegaCore Function License 
Agreement, or other applicable license agreement, including, 
without limitation, that your use is for the sole purpose of 
programming logic devices manufactured by Altera and sold by 
Altera or its authorized distributors.  Please refer to the 
applicable agreement for further details.



+------------------------------------------------------------------------------------+
; Flow Summary                                                                       ;
+------------------------------------+-----------------------------------------------+
; Flow Status                        ; Successful - Fri Nov 10 10:53:44 2017         ;
; Quartus II 64-Bit Version          ; 9.1 Build 304 01/25/2010 SP 1 SJ Full Version ;
; Revision Name                      ; plasma                                        ;
; Top-level Entity Name              ; plasma                                        ;
; Family                             ; Cyclone II                                    ;
; Device                             ; EP2C35F672C6                                  ;
; Timing Models                      ; Final                                         ;
; Met timing requirements            ; Yes                                           ;
; Total logic elements               ; 4,212 / 33,216 ( 13 % )                       ;
;     Total combinational functions  ; 3,890 / 33,216 ( 12 % )                       ;
;     Dedicated logic registers      ; 1,556 / 33,216 ( 5 % )                        ;
; Total registers                    ; 1556                                          ;
; Total pins                         ; 169 / 475 ( 36 % )                            ;
; Total virtual pins                 ; 0                                             ;
; Total memory bits                  ; 65,536 / 483,840 ( 14 % )                     ;
; Embedded Multiplier 9-bit elements ; 0 / 70 ( 0 % )                                ;
; Total PLLs                         ; 0 / 4 ( 0 % )                                 ;
+------------------------------------+-----------------------------------------------+


+-----------------------------------------+
; Flow Settings                           ;
+-------------------+---------------------+
; Option            ; Setting             ;
+-------------------+---------------------+
; Start date & time ; 11/10/2017 10:52:53 ;
; Main task         ; Compilation         ;
; Revision Name     ; plasma              ;
+-------------------+---------------------+


+-------------------------------------------------------------------------------------------------------------------------+
; Flow Non-Default Global Settings                                                                                        ;
+----------------------------------------+---------------------------------+---------------+-------------+----------------+
; Assignment Name                        ; Value                           ; Default Value ; Entity Name ; Section Id     ;
+----------------------------------------+---------------------------------+---------------+-------------+----------------+
; COMPILER_SIGNATURE_ID                  ; 132129497283737.151031837308916 ; --            ; --          ; --             ;
; EDA_DESIGN_INSTANCE_NAME               ; behavior.                       ; --            ; --          ; plasma_tbw     ;
; EDA_NATIVELINK_SIMULATION_SETUP_SCRIPT ; inicio.txt                      ; --            ; --          ; eda_simulation ;
; EDA_NATIVELINK_SIMULATION_TEST_BENCH   ; plasma_tbw                      ; --            ; --          ; eda_simulation ;
; EDA_OUTPUT_DATA_FORMAT                 ; Vhdl                            ; --            ; --          ; eda_simulation ;
; EDA_SIMULATION_TOOL                    ; ModelSim-Altera (VHDL)          ; <None>        ; --          ; --             ;
; EDA_TEST_BENCH_ENABLE_STATUS           ; TEST_BENCH_MODE                 ; --            ; --          ; eda_simulation ;
; EDA_TEST_BENCH_FILE                    ; plasma_tbw.vhd                  ; --            ; --          ; plasma_tbw     ;
; EDA_TEST_BENCH_MODULE_NAME             ; plasma_tbw                      ; --            ; --          ; plasma_tbw     ;
; EDA_TEST_BENCH_NAME                    ; plasma_tbw                      ; --            ; --          ; eda_simulation ;
; MAX_CORE_JUNCTION_TEMP                 ; 85                              ; --            ; --          ; --             ;
; MIN_CORE_JUNCTION_TEMP                 ; 0                               ; --            ; --          ; --             ;
; PARTITION_COLOR                        ; 16764057                        ; --            ; --          ; Top            ;
; PARTITION_NETLIST_TYPE                 ; SOURCE                          ; --            ; --          ; Top            ;
; USE_GENERATED_PHYSICAL_CONSTRAINTS     ; Off                             ; --            ; --          ; eda_blast_fpga ;
+----------------------------------------+---------------------------------+---------------+-------------+----------------+


+-----------------------------------------------------------------------------------------------------------------------------+
; Flow Elapsed Time                                                                                                           ;
+-------------------------+--------------+-------------------------+---------------------+------------------------------------+
; Module Name             ; Elapsed Time ; Average Processors Used ; Peak Virtual Memory ; Total CPU Time (on all processors) ;
+-------------------------+--------------+-------------------------+---------------------+------------------------------------+
; Analysis & Synthesis    ; 00:00:20     ; 1.0                     ; 347 MB              ; 00:00:18                           ;
; Fitter                  ; 00:00:14     ; 1.0                     ; 405 MB              ; 00:00:14                           ;
; Assembler               ; 00:00:03     ; 1.0                     ; 322 MB              ; 00:00:02                           ;
; Classic Timing Analyzer ; 00:00:02     ; 1.0                     ; 262 MB              ; 00:00:01                           ;
; EDA Netlist Writer      ; 00:00:04     ; 1.0                     ; 275 MB              ; 00:00:02                           ;
; Total                   ; 00:00:43     ; --                      ; --                  ; 00:00:37                           ;
+-------------------------+--------------+-------------------------+---------------------+------------------------------------+


+------------------------------------------------------------------------------------------+
; Flow OS Summary                                                                          ;
+-------------------------+------------------+---------------+------------+----------------+
; Module Name             ; Machine Hostname ; OS Name       ; OS Version ; Processor type ;
+-------------------------+------------------+---------------+------------+----------------+
; Analysis & Synthesis    ; C4-S10           ; Windows Vista ; 6.1        ; x86_64         ;
; Fitter                  ; C4-S10           ; Windows Vista ; 6.1        ; x86_64         ;
; Assembler               ; C4-S10           ; Windows Vista ; 6.1        ; x86_64         ;
; Classic Timing Analyzer ; C4-S10           ; Windows Vista ; 6.1        ; x86_64         ;
; EDA Netlist Writer      ; C4-S10           ; Windows Vista ; 6.1        ; x86_64         ;
+-------------------------+------------------+---------------+------------+----------------+


------------
; Flow Log ;
------------
quartus_map --read_settings_files=on --write_settings_files=off plasma -c plasma
quartus_fit --read_settings_files=off --write_settings_files=off plasma -c plasma
quartus_asm --read_settings_files=off --write_settings_files=off plasma -c plasma
quartus_tan --read_settings_files=off --write_settings_files=off plasma -c plasma --timing_analysis_only
quartus_eda --read_settings_files=off --write_settings_files=off plasma -c plasma



